2017-08-18 13:50:44,437 ERROR 28847 nodejs.ClusterClientNoResponseError: client no response in 10001ms, maybe the connection is close on other side.
    at Timeout.Leader._heartbeatTimer.setInterval [as _onTimeout] (/home/egguse/one-egg/node_modules/.npminstall/cluster-client/1.3.0/cluster-client/lib/leader.js:59:23)
    at ontimeout (timers.js:380:14)
    at tryOnTimeout (timers.js:244:5)
    at Timer.listOnTimeout (timers.js:214:5)
name: 'ClusterClientNoResponseError'
pid: 28847
hostname: front-app01

2017-08-18 13:50:44,438 ERROR 28866 nodejs.ECONNRESETError: read ECONNRESET (address: 127.0.0.1:38846)
    at exports._errnoException (util.js:1018:11)
    at TCP.onread (net.js:572:26)
code: 'ECONNRESET'
errno: 'ECONNRESET'
syscall: 'read'
name: 'ECONNRESETError'
pid: 28866
hostname: front-app01

2017-08-18 13:52:34,466 ERROR 28847 nodejs.ClusterClientNoResponseError: client no response in 10001ms, maybe the connection is close on other side.
    at Timeout.Leader._heartbeatTimer.setInterval [as _onTimeout] (/home/egguse/one-egg/node_modules/.npminstall/cluster-client/1.3.0/cluster-client/lib/leader.js:59:23)
    at ontimeout (timers.js:380:14)
    at tryOnTimeout (timers.js:244:5)
    at Timer.listOnTimeout (timers.js:214:5)
name: 'ClusterClientNoResponseError'
pid: 28847
hostname: front-app01

2017-08-18 13:52:34,467 ERROR 28866 nodejs.ECONNRESETError: read ECONNRESET (address: 127.0.0.1:38846)
    at exports._errnoException (util.js:1018:11)
    at TCP.onread (net.js:572:26)
code: 'ECONNRESET'
errno: 'ECONNRESET'
syscall: 'read'
name: 'ECONNRESETError'
pid: 28866
hostname: front-app01

2017-08-18 13:55:24,494 ERROR 28847 nodejs.ClusterClientNoResponseError: client no response in 10002ms, maybe the connection is close on other side.
    at Timeout.Leader._heartbeatTimer.setInterval [as _onTimeout] (/home/egguse/one-egg/node_modules/.npminstall/cluster-client/1.3.0/cluster-client/lib/leader.js:59:23)
    at ontimeout (timers.js:380:14)
    at tryOnTimeout (timers.js:244:5)
    at Timer.listOnTimeout (timers.js:214:5)
name: 'ClusterClientNoResponseError'
pid: 28847
hostname: front-app01

2017-08-18 13:55:24,494 ERROR 28866 nodejs.ECONNRESETError: read ECONNRESET (address: 127.0.0.1:38846)
    at exports._errnoException (util.js:1018:11)
    at TCP.onread (net.js:572:26)
code: 'ECONNRESET'
errno: 'ECONNRESET'
syscall: 'read'
name: 'ECONNRESETError'
pid: 28866
hostname: front-app01

2017-08-18 13:55:44,499 ERROR 28847 nodejs.ClusterClientNoResponseError: client no response in 10001ms, maybe the connection is close on other side.
    at Timeout.Leader._heartbeatTimer.setInterval [as _onTimeout] (/home/egguse/one-egg/node_modules/.npminstall/cluster-client/1.3.0/cluster-client/lib/leader.js:59:23)
    at ontimeout (timers.js:380:14)
    at tryOnTimeout (timers.js:244:5)
    at Timer.listOnTimeout (timers.js:214:5)
name: 'ClusterClientNoResponseError'
pid: 28847
hostname: front-app01

2017-08-18 13:55:44,499 ERROR 28866 nodejs.ECONNRESETError: read ECONNRESET (address: 127.0.0.1:38846)
    at exports._errnoException (util.js:1018:11)
    at TCP.onread (net.js:572:26)
code: 'ECONNRESET'
errno: 'ECONNRESET'
syscall: 'read'
name: 'ECONNRESETError'
pid: 28866
hostname: front-app01

2017-08-18 13:56:24,505 ERROR 28847 nodejs.ClusterClientNoResponseError: client no response in 10001ms, maybe the connection is close on other side.
    at Timeout.Leader._heartbeatTimer.setInterval [as _onTimeout] (/home/egguse/one-egg/node_modules/.npminstall/cluster-client/1.3.0/cluster-client/lib/leader.js:59:23)
    at ontimeout (timers.js:380:14)
    at tryOnTimeout (timers.js:244:5)
    at Timer.listOnTimeout (timers.js:214:5)
name: 'ClusterClientNoResponseError'
pid: 28847
hostname: front-app01

2017-08-18 13:56:24,506 ERROR 28866 nodejs.ECONNRESETError: read ECONNRESET (address: 127.0.0.1:38846)
    at exports._errnoException (util.js:1018:11)
    at TCP.onread (net.js:572:26)
code: 'ECONNRESET'
errno: 'ECONNRESET'
syscall: 'read'
name: 'ECONNRESETError'
pid: 28866
hostname: front-app01

2017-08-18 13:57:34,521 ERROR 28847 nodejs.ClusterClientNoResponseError: client no response in 10002ms, maybe the connection is close on other side.
    at Timeout.Leader._heartbeatTimer.setInterval [as _onTimeout] (/home/egguse/one-egg/node_modules/.npminstall/cluster-client/1.3.0/cluster-client/lib/leader.js:59:23)
    at ontimeout (timers.js:380:14)
    at tryOnTimeout (timers.js:244:5)
    at Timer.listOnTimeout (timers.js:214:5)
name: 'ClusterClientNoResponseError'
pid: 28847
hostname: front-app01

2017-08-18 13:57:34,522 ERROR 28866 nodejs.ECONNRESETError: read ECONNRESET (address: 127.0.0.1:38846)
    at exports._errnoException (util.js:1018:11)
    at TCP.onread (net.js:572:26)
code: 'ECONNRESET'
errno: 'ECONNRESET'
syscall: 'read'
name: 'ECONNRESETError'
pid: 28866
hostname: front-app01

2017-08-18 13:58:54,540 ERROR 28847 nodejs.ClusterClientNoResponseError: client no response in 10001ms, maybe the connection is close on other side.
    at Timeout.Leader._heartbeatTimer.setInterval [as _onTimeout] (/home/egguse/one-egg/node_modules/.npminstall/cluster-client/1.3.0/cluster-client/lib/leader.js:59:23)
    at ontimeout (timers.js:380:14)
    at tryOnTimeout (timers.js:244:5)
    at Timer.listOnTimeout (timers.js:214:5)
name: 'ClusterClientNoResponseError'
pid: 28847
hostname: front-app01

2017-08-18 13:59:44,547 ERROR 28847 nodejs.ClusterClientNoResponseError: client no response in 10001ms, maybe the connection is close on other side.
    at Timeout.Leader._heartbeatTimer.setInterval [as _onTimeout] (/home/egguse/one-egg/node_modules/.npminstall/cluster-client/1.3.0/cluster-client/lib/leader.js:59:23)
    at ontimeout (timers.js:380:14)
    at tryOnTimeout (timers.js:244:5)
    at Timer.listOnTimeout (timers.js:214:5)
name: 'ClusterClientNoResponseError'
pid: 28847
hostname: front-app01

2017-08-18 13:59:44,550 ERROR 28866 nodejs.ECONNRESETError: read ECONNRESET (address: 127.0.0.1:38846)
    at exports._errnoException (util.js:1018:11)
    at TCP.onread (net.js:572:26)
code: 'ECONNRESET'
errno: 'ECONNRESET'
syscall: 'read'
name: 'ECONNRESETError'
pid: 28866
hostname: front-app01

2017-08-18 14:01:54,572 ERROR 28866 nodejs.ECONNRESETError: read ECONNRESET (address: 127.0.0.1:38846)
    at exports._errnoException (util.js:1018:11)
    at TCP.onread (net.js:572:26)
code: 'ECONNRESET'
errno: 'ECONNRESET'
syscall: 'read'
name: 'ECONNRESETError'
pid: 28866
hostname: front-app01

2017-08-18 14:01:54,573 ERROR 28847 nodejs.ClusterClientNoResponseError: client no response in 10001ms, maybe the connection is close on other side.
    at Timeout.Leader._heartbeatTimer.setInterval [as _onTimeout] (/home/egguse/one-egg/node_modules/.npminstall/cluster-client/1.3.0/cluster-client/lib/leader.js:59:23)
    at ontimeout (timers.js:380:14)
    at tryOnTimeout (timers.js:244:5)
    at Timer.listOnTimeout (timers.js:214:5)
name: 'ClusterClientNoResponseError'
pid: 28847
hostname: front-app01

2017-08-18 14:03:04,582 ERROR 28847 nodejs.ClusterClientNoResponseError: client no response in 10001ms, maybe the connection is close on other side.
    at Timeout.Leader._heartbeatTimer.setInterval [as _onTimeout] (/home/egguse/one-egg/node_modules/.npminstall/cluster-client/1.3.0/cluster-client/lib/leader.js:59:23)
    at ontimeout (timers.js:380:14)
    at tryOnTimeout (timers.js:244:5)
    at Timer.listOnTimeout (timers.js:214:5)
name: 'ClusterClientNoResponseError'
pid: 28847
hostname: front-app01

2017-08-18 14:03:04,582 ERROR 28866 nodejs.ECONNRESETError: read ECONNRESET (address: 127.0.0.1:38846)
    at exports._errnoException (util.js:1018:11)
    at TCP.onread (net.js:572:26)
code: 'ECONNRESET'
errno: 'ECONNRESET'
syscall: 'read'
name: 'ECONNRESETError'
pid: 28866
hostname: front-app01

2017-08-18 14:03:34,589 ERROR 28866 nodejs.ECONNRESETError: read ECONNRESET (address: 127.0.0.1:38846)
    at exports._errnoException (util.js:1018:11)
    at TCP.onread (net.js:572:26)
code: 'ECONNRESET'
errno: 'ECONNRESET'
syscall: 'read'
name: 'ECONNRESETError'
pid: 28866
hostname: front-app01

2017-08-18 14:03:34,589 ERROR 28847 nodejs.ClusterClientNoResponseError: client no response in 10001ms, maybe the connection is close on other side.
    at Timeout.Leader._heartbeatTimer.setInterval [as _onTimeout] (/home/egguse/one-egg/node_modules/.npminstall/cluster-client/1.3.0/cluster-client/lib/leader.js:59:23)
    at ontimeout (timers.js:380:14)
    at tryOnTimeout (timers.js:244:5)
    at Timer.listOnTimeout (timers.js:214:5)
name: 'ClusterClientNoResponseError'
pid: 28847
hostname: front-app01

2017-08-18 14:04:44,600 ERROR 28847 nodejs.ClusterClientNoResponseError: client no response in 10001ms, maybe the connection is close on other side.
    at Timeout.Leader._heartbeatTimer.setInterval [as _onTimeout] (/home/egguse/one-egg/node_modules/.npminstall/cluster-client/1.3.0/cluster-client/lib/leader.js:59:23)
    at ontimeout (timers.js:380:14)
    at tryOnTimeout (timers.js:244:5)
    at Timer.listOnTimeout (timers.js:214:5)
name: 'ClusterClientNoResponseError'
pid: 28847
hostname: front-app01

2017-08-18 14:04:44,600 ERROR 28866 nodejs.ECONNRESETError: read ECONNRESET (address: 127.0.0.1:38846)
    at exports._errnoException (util.js:1018:11)
    at TCP.onread (net.js:572:26)
code: 'ECONNRESET'
errno: 'ECONNRESET'
syscall: 'read'
name: 'ECONNRESETError'
pid: 28866
hostname: front-app01

2017-08-18 14:05:14,608 ERROR 28847 nodejs.ClusterClientNoResponseError: client no response in 10001ms, maybe the connection is close on other side.
    at Timeout.Leader._heartbeatTimer.setInterval [as _onTimeout] (/home/egguse/one-egg/node_modules/.npminstall/cluster-client/1.3.0/cluster-client/lib/leader.js:59:23)
    at ontimeout (timers.js:380:14)
    at tryOnTimeout (timers.js:244:5)
    at Timer.listOnTimeout (timers.js:214:5)
name: 'ClusterClientNoResponseError'
pid: 28847
hostname: front-app01

2017-08-18 14:05:14,608 ERROR 28866 nodejs.ECONNRESETError: read ECONNRESET (address: 127.0.0.1:38846)
    at exports._errnoException (util.js:1018:11)
    at TCP.onread (net.js:572:26)
code: 'ECONNRESET'
errno: 'ECONNRESET'
syscall: 'read'
name: 'ECONNRESETError'
pid: 28866
hostname: front-app01

2017-08-18 14:08:34,641 ERROR 28847 nodejs.ClusterClientNoResponseError: client no response in 10001ms, maybe the connection is close on other side.
    at Timeout.Leader._heartbeatTimer.setInterval [as _onTimeout] (/home/egguse/one-egg/node_modules/.npminstall/cluster-client/1.3.0/cluster-client/lib/leader.js:59:23)
    at ontimeout (timers.js:380:14)
    at tryOnTimeout (timers.js:244:5)
    at Timer.listOnTimeout (timers.js:214:5)
name: 'ClusterClientNoResponseError'
pid: 28847
hostname: front-app01

2017-08-18 14:08:34,642 ERROR 28866 nodejs.ECONNRESETError: read ECONNRESET (address: 127.0.0.1:38846)
    at exports._errnoException (util.js:1018:11)
    at TCP.onread (net.js:572:26)
code: 'ECONNRESET'
errno: 'ECONNRESET'
syscall: 'read'
name: 'ECONNRESETError'
pid: 28866
hostname: front-app01

2017-08-18 14:09:04,649 ERROR 28866 nodejs.ECONNRESETError: read ECONNRESET (address: 127.0.0.1:38846)
    at exports._errnoException (util.js:1018:11)
    at TCP.onread (net.js:572:26)
code: 'ECONNRESET'
errno: 'ECONNRESET'
syscall: 'read'
name: 'ECONNRESETError'
pid: 28866
hostname: front-app01

2017-08-18 14:09:04,649 ERROR 28847 nodejs.ClusterClientNoResponseError: client no response in 10001ms, maybe the connection is close on other side.
    at Timeout.Leader._heartbeatTimer.setInterval [as _onTimeout] (/home/egguse/one-egg/node_modules/.npminstall/cluster-client/1.3.0/cluster-client/lib/leader.js:59:23)
    at ontimeout (timers.js:380:14)
    at tryOnTimeout (timers.js:244:5)
    at Timer.listOnTimeout (timers.js:214:5)
name: 'ClusterClientNoResponseError'
pid: 28847
hostname: front-app01

2017-08-18 14:11:24,670 ERROR 28847 nodejs.ClusterClientNoResponseError: client no response in 10001ms, maybe the connection is close on other side.
    at Timeout.Leader._heartbeatTimer.setInterval [as _onTimeout] (/home/egguse/one-egg/node_modules/.npminstall/cluster-client/1.3.0/cluster-client/lib/leader.js:59:23)
    at ontimeout (timers.js:380:14)
    at tryOnTimeout (timers.js:244:5)
    at Timer.listOnTimeout (timers.js:214:5)
name: 'ClusterClientNoResponseError'
pid: 28847
hostname: front-app01

2017-08-18 14:11:24,670 ERROR 28866 nodejs.ECONNRESETError: read ECONNRESET (address: 127.0.0.1:38846)
    at exports._errnoException (util.js:1018:11)
    at TCP.onread (net.js:572:26)
code: 'ECONNRESET'
errno: 'ECONNRESET'
syscall: 'read'
name: 'ECONNRESETError'
pid: 28866
hostname: front-app01

2017-08-18 14:13:34,691 ERROR 28866 nodejs.ECONNRESETError: read ECONNRESET (address: 127.0.0.1:38846)
    at exports._errnoException (util.js:1018:11)
    at TCP.onread (net.js:572:26)
code: 'ECONNRESET'
errno: 'ECONNRESET'
syscall: 'read'
name: 'ECONNRESETError'
pid: 28866
hostname: front-app01

2017-08-18 14:13:34,691 ERROR 28847 nodejs.ClusterClientNoResponseError: client no response in 10002ms, maybe the connection is close on other side.
    at Timeout.Leader._heartbeatTimer.setInterval [as _onTimeout] (/home/egguse/one-egg/node_modules/.npminstall/cluster-client/1.3.0/cluster-client/lib/leader.js:59:23)
    at ontimeout (timers.js:380:14)
    at tryOnTimeout (timers.js:244:5)
    at Timer.listOnTimeout (timers.js:214:5)
name: 'ClusterClientNoResponseError'
pid: 28847
hostname: front-app01

2017-08-18 14:14:44,711 ERROR 28847 nodejs.ClusterClientNoResponseError: client no response in 10001ms, maybe the connection is close on other side.
    at Timeout.Leader._heartbeatTimer.setInterval [as _onTimeout] (/home/egguse/one-egg/node_modules/.npminstall/cluster-client/1.3.0/cluster-client/lib/leader.js:59:23)
    at ontimeout (timers.js:380:14)
    at tryOnTimeout (timers.js:244:5)
    at Timer.listOnTimeout (timers.js:214:5)
name: 'ClusterClientNoResponseError'
pid: 28847
hostname: front-app01

2017-08-18 14:14:44,712 ERROR 28866 nodejs.ECONNRESETError: read ECONNRESET (address: 127.0.0.1:38846)
    at exports._errnoException (util.js:1018:11)
    at TCP.onread (net.js:572:26)
code: 'ECONNRESET'
errno: 'ECONNRESET'
syscall: 'read'
name: 'ECONNRESETError'
pid: 28866
hostname: front-app01

2017-08-18 14:15:54,728 ERROR 28866 nodejs.ECONNRESETError: read ECONNRESET (address: 127.0.0.1:38846)
    at exports._errnoException (util.js:1018:11)
    at TCP.onread (net.js:572:26)
code: 'ECONNRESET'
errno: 'ECONNRESET'
syscall: 'read'
name: 'ECONNRESETError'
pid: 28866
hostname: front-app01

2017-08-18 14:15:54,728 ERROR 28847 nodejs.ClusterClientNoResponseError: client no response in 10001ms, maybe the connection is close on other side.
    at Timeout.Leader._heartbeatTimer.setInterval [as _onTimeout] (/home/egguse/one-egg/node_modules/.npminstall/cluster-client/1.3.0/cluster-client/lib/leader.js:59:23)
    at ontimeout (timers.js:380:14)
    at tryOnTimeout (timers.js:244:5)
    at Timer.listOnTimeout (timers.js:214:5)
name: 'ClusterClientNoResponseError'
pid: 28847
hostname: front-app01

2017-08-18 14:16:24,736 ERROR 28866 nodejs.ECONNRESETError: read ECONNRESET (address: 127.0.0.1:38846)
    at exports._errnoException (util.js:1018:11)
    at TCP.onread (net.js:572:26)
code: 'ECONNRESET'
errno: 'ECONNRESET'
syscall: 'read'
name: 'ECONNRESETError'
pid: 28866
hostname: front-app01

2017-08-18 14:16:24,736 ERROR 28847 nodejs.ClusterClientNoResponseError: client no response in 10001ms, maybe the connection is close on other side.
    at Timeout.Leader._heartbeatTimer.setInterval [as _onTimeout] (/home/egguse/one-egg/node_modules/.npminstall/cluster-client/1.3.0/cluster-client/lib/leader.js:59:23)
    at ontimeout (timers.js:380:14)
    at tryOnTimeout (timers.js:244:5)
    at Timer.listOnTimeout (timers.js:214:5)
name: 'ClusterClientNoResponseError'
pid: 28847
hostname: front-app01

2017-08-18 14:17:04,747 ERROR 28847 nodejs.ClusterClientNoResponseError: client no response in 10001ms, maybe the connection is close on other side.
    at Timeout.Leader._heartbeatTimer.setInterval [as _onTimeout] (/home/egguse/one-egg/node_modules/.npminstall/cluster-client/1.3.0/cluster-client/lib/leader.js:59:23)
    at ontimeout (timers.js:380:14)
    at tryOnTimeout (timers.js:244:5)
    at Timer.listOnTimeout (timers.js:214:5)
name: 'ClusterClientNoResponseError'
pid: 28847
hostname: front-app01

2017-08-18 14:17:04,748 ERROR 28866 nodejs.ECONNRESETError: read ECONNRESET (address: 127.0.0.1:38846)
    at exports._errnoException (util.js:1018:11)
    at TCP.onread (net.js:572:26)
code: 'ECONNRESET'
errno: 'ECONNRESET'
syscall: 'read'
name: 'ECONNRESETError'
pid: 28866
hostname: front-app01

2017-08-18 14:17:54,761 ERROR 28847 nodejs.ClusterClientNoResponseError: client no response in 10001ms, maybe the connection is close on other side.
    at Timeout.Leader._heartbeatTimer.setInterval [as _onTimeout] (/home/egguse/one-egg/node_modules/.npminstall/cluster-client/1.3.0/cluster-client/lib/leader.js:59:23)
    at ontimeout (timers.js:380:14)
    at tryOnTimeout (timers.js:244:5)
    at Timer.listOnTimeout (timers.js:214:5)
name: 'ClusterClientNoResponseError'
pid: 28847
hostname: front-app01

2017-08-18 14:18:14,765 ERROR 28847 nodejs.ClusterClientNoResponseError: client no response in 10001ms, maybe the connection is close on other side.
    at Timeout.Leader._heartbeatTimer.setInterval [as _onTimeout] (/home/egguse/one-egg/node_modules/.npminstall/cluster-client/1.3.0/cluster-client/lib/leader.js:59:23)
    at ontimeout (timers.js:380:14)
    at tryOnTimeout (timers.js:244:5)
    at Timer.listOnTimeout (timers.js:214:5)
name: 'ClusterClientNoResponseError'
pid: 28847
hostname: front-app01

2017-08-18 14:18:44,771 ERROR 28847 nodejs.ClusterClientNoResponseError: client no response in 10001ms, maybe the connection is close on other side.
    at Timeout.Leader._heartbeatTimer.setInterval [as _onTimeout] (/home/egguse/one-egg/node_modules/.npminstall/cluster-client/1.3.0/cluster-client/lib/leader.js:59:23)
    at ontimeout (timers.js:380:14)
    at tryOnTimeout (timers.js:244:5)
    at Timer.listOnTimeout (timers.js:214:5)
name: 'ClusterClientNoResponseError'
pid: 28847
hostname: front-app01

2017-08-18 14:18:44,772 ERROR 28866 nodejs.ECONNRESETError: read ECONNRESET (address: 127.0.0.1:38846)
    at exports._errnoException (util.js:1018:11)
    at TCP.onread (net.js:572:26)
code: 'ECONNRESET'
errno: 'ECONNRESET'
syscall: 'read'
name: 'ECONNRESETError'
pid: 28866
hostname: front-app01

2017-08-18 14:19:14,779 ERROR 28847 nodejs.ClusterClientNoResponseError: client no response in 10001ms, maybe the connection is close on other side.
    at Timeout.Leader._heartbeatTimer.setInterval [as _onTimeout] (/home/egguse/one-egg/node_modules/.npminstall/cluster-client/1.3.0/cluster-client/lib/leader.js:59:23)
    at ontimeout (timers.js:380:14)
    at tryOnTimeout (timers.js:244:5)
    at Timer.listOnTimeout (timers.js:214:5)
name: 'ClusterClientNoResponseError'
pid: 28847
hostname: front-app01

2017-08-18 14:19:34,785 ERROR 28866 nodejs.ECONNRESETError: read ECONNRESET (address: 127.0.0.1:38846)
    at exports._errnoException (util.js:1018:11)
    at TCP.onread (net.js:572:26)
code: 'ECONNRESET'
errno: 'ECONNRESET'
syscall: 'read'
name: 'ECONNRESETError'
pid: 28866
hostname: front-app01

2017-08-18 14:19:34,784 ERROR 28847 nodejs.ClusterClientNoResponseError: client no response in 10001ms, maybe the connection is close on other side.
    at Timeout.Leader._heartbeatTimer.setInterval [as _onTimeout] (/home/egguse/one-egg/node_modules/.npminstall/cluster-client/1.3.0/cluster-client/lib/leader.js:59:23)
    at ontimeout (timers.js:380:14)
    at tryOnTimeout (timers.js:244:5)
    at Timer.listOnTimeout (timers.js:214:5)
name: 'ClusterClientNoResponseError'
pid: 28847
hostname: front-app01

2017-08-18 14:20:44,799 ERROR 28847 nodejs.ClusterClientNoResponseError: client no response in 10001ms, maybe the connection is close on other side.
    at Timeout.Leader._heartbeatTimer.setInterval [as _onTimeout] (/home/egguse/one-egg/node_modules/.npminstall/cluster-client/1.3.0/cluster-client/lib/leader.js:59:23)
    at ontimeout (timers.js:380:14)
    at tryOnTimeout (timers.js:244:5)
    at Timer.listOnTimeout (timers.js:214:5)
name: 'ClusterClientNoResponseError'
pid: 28847
hostname: front-app01

2017-08-18 14:20:44,799 ERROR 28866 nodejs.ECONNRESETError: read ECONNRESET (address: 127.0.0.1:38846)
    at exports._errnoException (util.js:1018:11)
    at TCP.onread (net.js:572:26)
code: 'ECONNRESET'
errno: 'ECONNRESET'
syscall: 'read'
name: 'ECONNRESETError'
pid: 28866
hostname: front-app01

2017-08-18 14:21:04,804 ERROR 28847 nodejs.ClusterClientNoResponseError: client no response in 10001ms, maybe the connection is close on other side.
    at Timeout.Leader._heartbeatTimer.setInterval [as _onTimeout] (/home/egguse/one-egg/node_modules/.npminstall/cluster-client/1.3.0/cluster-client/lib/leader.js:59:23)
    at ontimeout (timers.js:380:14)
    at tryOnTimeout (timers.js:244:5)
    at Timer.listOnTimeout (timers.js:214:5)
name: 'ClusterClientNoResponseError'
pid: 28847
hostname: front-app01

2017-08-18 14:22:44,822 ERROR 28847 nodejs.ClusterClientNoResponseError: client no response in 10001ms, maybe the connection is close on other side.
    at Timeout.Leader._heartbeatTimer.setInterval [as _onTimeout] (/home/egguse/one-egg/node_modules/.npminstall/cluster-client/1.3.0/cluster-client/lib/leader.js:59:23)
    at ontimeout (timers.js:380:14)
    at tryOnTimeout (timers.js:244:5)
    at Timer.listOnTimeout (timers.js:214:5)
name: 'ClusterClientNoResponseError'
pid: 28847
hostname: front-app01

2017-08-18 14:22:44,823 ERROR 28866 nodejs.ECONNRESETError: read ECONNRESET (address: 127.0.0.1:38846)
    at exports._errnoException (util.js:1018:11)
    at TCP.onread (net.js:572:26)
code: 'ECONNRESET'
errno: 'ECONNRESET'
syscall: 'read'
name: 'ECONNRESETError'
pid: 28866
hostname: front-app01

2017-08-18 14:23:44,837 ERROR 28847 nodejs.ClusterClientNoResponseError: client no response in 10002ms, maybe the connection is close on other side.
    at Timeout.Leader._heartbeatTimer.setInterval [as _onTimeout] (/home/egguse/one-egg/node_modules/.npminstall/cluster-client/1.3.0/cluster-client/lib/leader.js:59:23)
    at ontimeout (timers.js:380:14)
    at tryOnTimeout (timers.js:244:5)
    at Timer.listOnTimeout (timers.js:214:5)
name: 'ClusterClientNoResponseError'
pid: 28847
hostname: front-app01

2017-08-18 14:24:14,844 ERROR 28866 nodejs.ECONNRESETError: read ECONNRESET (address: 127.0.0.1:38846)
    at exports._errnoException (util.js:1018:11)
    at TCP.onread (net.js:572:26)
code: 'ECONNRESET'
errno: 'ECONNRESET'
syscall: 'read'
name: 'ECONNRESETError'
pid: 28866
hostname: front-app01

2017-08-18 14:24:14,843 ERROR 28847 nodejs.ClusterClientNoResponseError: client no response in 10001ms, maybe the connection is close on other side.
    at Timeout.Leader._heartbeatTimer.setInterval [as _onTimeout] (/home/egguse/one-egg/node_modules/.npminstall/cluster-client/1.3.0/cluster-client/lib/leader.js:59:23)
    at ontimeout (timers.js:380:14)
    at tryOnTimeout (timers.js:244:5)
    at Timer.listOnTimeout (timers.js:214:5)
name: 'ClusterClientNoResponseError'
pid: 28847
hostname: front-app01

2017-08-18 14:25:34,859 ERROR 28866 nodejs.ECONNRESETError: read ECONNRESET (address: 127.0.0.1:38846)
    at exports._errnoException (util.js:1018:11)
    at TCP.onread (net.js:572:26)
code: 'ECONNRESET'
errno: 'ECONNRESET'
syscall: 'read'
name: 'ECONNRESETError'
pid: 28866
hostname: front-app01

2017-08-18 14:25:34,860 ERROR 28847 nodejs.ClusterClientNoResponseError: client no response in 10001ms, maybe the connection is close on other side.
    at Timeout.Leader._heartbeatTimer.setInterval [as _onTimeout] (/home/egguse/one-egg/node_modules/.npminstall/cluster-client/1.3.0/cluster-client/lib/leader.js:59:23)
    at ontimeout (timers.js:380:14)
    at tryOnTimeout (timers.js:244:5)
    at Timer.listOnTimeout (timers.js:214:5)
name: 'ClusterClientNoResponseError'
pid: 28847
hostname: front-app01

2017-08-18 14:27:04,878 ERROR 28847 nodejs.ClusterClientNoResponseError: client no response in 10002ms, maybe the connection is close on other side.
    at Timeout.Leader._heartbeatTimer.setInterval [as _onTimeout] (/home/egguse/one-egg/node_modules/.npminstall/cluster-client/1.3.0/cluster-client/lib/leader.js:59:23)
    at ontimeout (timers.js:380:14)
    at tryOnTimeout (timers.js:244:5)
    at Timer.listOnTimeout (timers.js:214:5)
name: 'ClusterClientNoResponseError'
pid: 28847
hostname: front-app01

2017-08-18 14:30:14,910 ERROR 28866 nodejs.ECONNRESETError: read ECONNRESET (address: 127.0.0.1:38846)
    at exports._errnoException (util.js:1018:11)
    at TCP.onread (net.js:572:26)
code: 'ECONNRESET'
errno: 'ECONNRESET'
syscall: 'read'
name: 'ECONNRESETError'
pid: 28866
hostname: front-app01

2017-08-18 14:30:14,912 ERROR 28847 nodejs.ClusterClientNoResponseError: client no response in 10002ms, maybe the connection is close on other side.
    at Timeout.Leader._heartbeatTimer.setInterval [as _onTimeout] (/home/egguse/one-egg/node_modules/.npminstall/cluster-client/1.3.0/cluster-client/lib/leader.js:59:23)
    at ontimeout (timers.js:380:14)
    at tryOnTimeout (timers.js:244:5)
    at Timer.listOnTimeout (timers.js:214:5)
name: 'ClusterClientNoResponseError'
pid: 28847
hostname: front-app01

2017-08-18 14:31:04,920 ERROR 28847 nodejs.ClusterClientNoResponseError: client no response in 10002ms, maybe the connection is close on other side.
    at Timeout.Leader._heartbeatTimer.setInterval [as _onTimeout] (/home/egguse/one-egg/node_modules/.npminstall/cluster-client/1.3.0/cluster-client/lib/leader.js:59:23)
    at ontimeout (timers.js:380:14)
    at tryOnTimeout (timers.js:244:5)
    at Timer.listOnTimeout (timers.js:214:5)
name: 'ClusterClientNoResponseError'
pid: 28847
hostname: front-app01

2017-08-18 14:32:24,932 ERROR 28847 nodejs.ClusterClientNoResponseError: client no response in 10001ms, maybe the connection is close on other side.
    at Timeout.Leader._heartbeatTimer.setInterval [as _onTimeout] (/home/egguse/one-egg/node_modules/.npminstall/cluster-client/1.3.0/cluster-client/lib/leader.js:59:23)
    at ontimeout (timers.js:380:14)
    at tryOnTimeout (timers.js:244:5)
    at Timer.listOnTimeout (timers.js:214:5)
name: 'ClusterClientNoResponseError'
pid: 28847
hostname: front-app01

2017-08-18 14:32:24,933 ERROR 28866 nodejs.ECONNRESETError: read ECONNRESET (address: 127.0.0.1:38846)
    at exports._errnoException (util.js:1018:11)
    at TCP.onread (net.js:572:26)
code: 'ECONNRESET'
errno: 'ECONNRESET'
syscall: 'read'
name: 'ECONNRESETError'
pid: 28866
hostname: front-app01

2017-08-18 14:32:44,937 ERROR 28847 nodejs.ClusterClientNoResponseError: client no response in 10001ms, maybe the connection is close on other side.
    at Timeout.Leader._heartbeatTimer.setInterval [as _onTimeout] (/home/egguse/one-egg/node_modules/.npminstall/cluster-client/1.3.0/cluster-client/lib/leader.js:59:23)
    at ontimeout (timers.js:380:14)
    at tryOnTimeout (timers.js:244:5)
    at Timer.listOnTimeout (timers.js:214:5)
name: 'ClusterClientNoResponseError'
pid: 28847
hostname: front-app01

2017-08-18 14:32:44,938 ERROR 28866 nodejs.ECONNRESETError: read ECONNRESET (address: 127.0.0.1:38846)
    at exports._errnoException (util.js:1018:11)
    at TCP.onread (net.js:572:26)
code: 'ECONNRESET'
errno: 'ECONNRESET'
syscall: 'read'
name: 'ECONNRESETError'
pid: 28866
hostname: front-app01

2017-08-18 14:34:24,952 ERROR 28847 nodejs.ClusterClientNoResponseError: client no response in 10001ms, maybe the connection is close on other side.
    at Timeout.Leader._heartbeatTimer.setInterval [as _onTimeout] (/home/egguse/one-egg/node_modules/.npminstall/cluster-client/1.3.0/cluster-client/lib/leader.js:59:23)
    at ontimeout (timers.js:380:14)
    at tryOnTimeout (timers.js:244:5)
    at Timer.listOnTimeout (timers.js:214:5)
name: 'ClusterClientNoResponseError'
pid: 28847
hostname: front-app01

2017-08-18 14:34:24,952 ERROR 28866 nodejs.ECONNRESETError: read ECONNRESET (address: 127.0.0.1:38846)
    at exports._errnoException (util.js:1018:11)
    at TCP.onread (net.js:572:26)
code: 'ECONNRESET'
errno: 'ECONNRESET'
syscall: 'read'
name: 'ECONNRESETError'
pid: 28866
hostname: front-app01

2017-08-18 14:35:24,963 ERROR 28847 nodejs.ClusterClientNoResponseError: client no response in 10001ms, maybe the connection is close on other side.
    at Timeout.Leader._heartbeatTimer.setInterval [as _onTimeout] (/home/egguse/one-egg/node_modules/.npminstall/cluster-client/1.3.0/cluster-client/lib/leader.js:59:23)
    at ontimeout (timers.js:380:14)
    at tryOnTimeout (timers.js:244:5)
    at Timer.listOnTimeout (timers.js:214:5)
name: 'ClusterClientNoResponseError'
pid: 28847
hostname: front-app01

2017-08-18 14:35:44,967 ERROR 28847 nodejs.ClusterClientNoResponseError: client no response in 10001ms, maybe the connection is close on other side.
    at Timeout.Leader._heartbeatTimer.setInterval [as _onTimeout] (/home/egguse/one-egg/node_modules/.npminstall/cluster-client/1.3.0/cluster-client/lib/leader.js:59:23)
    at ontimeout (timers.js:380:14)
    at tryOnTimeout (timers.js:244:5)
    at Timer.listOnTimeout (timers.js:214:5)
name: 'ClusterClientNoResponseError'
pid: 28847
hostname: front-app01

2017-08-18 14:35:44,967 ERROR 28866 nodejs.ECONNRESETError: read ECONNRESET (address: 127.0.0.1:38846)
    at exports._errnoException (util.js:1018:11)
    at TCP.onread (net.js:572:26)
code: 'ECONNRESET'
errno: 'ECONNRESET'
syscall: 'read'
name: 'ECONNRESETError'
pid: 28866
hostname: front-app01

2017-08-18 14:36:44,976 ERROR 28847 nodejs.ClusterClientNoResponseError: client no response in 10001ms, maybe the connection is close on other side.
    at Timeout.Leader._heartbeatTimer.setInterval [as _onTimeout] (/home/egguse/one-egg/node_modules/.npminstall/cluster-client/1.3.0/cluster-client/lib/leader.js:59:23)
    at ontimeout (timers.js:380:14)
    at tryOnTimeout (timers.js:244:5)
    at Timer.listOnTimeout (timers.js:214:5)
name: 'ClusterClientNoResponseError'
pid: 28847
hostname: front-app01

2017-08-18 14:36:44,977 ERROR 28866 nodejs.ECONNRESETError: read ECONNRESET (address: 127.0.0.1:38846)
    at exports._errnoException (util.js:1018:11)
    at TCP.onread (net.js:572:26)
code: 'ECONNRESET'
errno: 'ECONNRESET'
syscall: 'read'
name: 'ECONNRESETError'
pid: 28866
hostname: front-app01

2017-08-18 14:38:14,990 ERROR 28847 nodejs.ClusterClientNoResponseError: client no response in 10001ms, maybe the connection is close on other side.
    at Timeout.Leader._heartbeatTimer.setInterval [as _onTimeout] (/home/egguse/one-egg/node_modules/.npminstall/cluster-client/1.3.0/cluster-client/lib/leader.js:59:23)
    at ontimeout (timers.js:380:14)
    at tryOnTimeout (timers.js:244:5)
    at Timer.listOnTimeout (timers.js:214:5)
name: 'ClusterClientNoResponseError'
pid: 28847
hostname: front-app01

2017-08-18 14:38:14,990 ERROR 28866 nodejs.ECONNRESETError: read ECONNRESET (address: 127.0.0.1:38846)
    at exports._errnoException (util.js:1018:11)
    at TCP.onread (net.js:572:26)
code: 'ECONNRESET'
errno: 'ECONNRESET'
syscall: 'read'
name: 'ECONNRESETError'
pid: 28866
hostname: front-app01

2017-08-18 14:39:25,004 ERROR 28847 nodejs.ClusterClientNoResponseError: client no response in 10001ms, maybe the connection is close on other side.
    at Timeout.Leader._heartbeatTimer.setInterval [as _onTimeout] (/home/egguse/one-egg/node_modules/.npminstall/cluster-client/1.3.0/cluster-client/lib/leader.js:59:23)
    at ontimeout (timers.js:380:14)
    at tryOnTimeout (timers.js:244:5)
    at Timer.listOnTimeout (timers.js:214:5)
name: 'ClusterClientNoResponseError'
pid: 28847
hostname: front-app01

2017-08-18 14:40:15,011 ERROR 28847 nodejs.ClusterClientNoResponseError: client no response in 10001ms, maybe the connection is close on other side.
    at Timeout.Leader._heartbeatTimer.setInterval [as _onTimeout] (/home/egguse/one-egg/node_modules/.npminstall/cluster-client/1.3.0/cluster-client/lib/leader.js:59:23)
    at ontimeout (timers.js:380:14)
    at tryOnTimeout (timers.js:244:5)
    at Timer.listOnTimeout (timers.js:214:5)
name: 'ClusterClientNoResponseError'
pid: 28847
hostname: front-app01

2017-08-18 14:40:15,012 ERROR 28866 nodejs.ECONNRESETError: read ECONNRESET (address: 127.0.0.1:38846)
    at exports._errnoException (util.js:1018:11)
    at TCP.onread (net.js:572:26)
code: 'ECONNRESET'
errno: 'ECONNRESET'
syscall: 'read'
name: 'ECONNRESETError'
pid: 28866
hostname: front-app01

2017-08-18 14:40:35,017 ERROR 28847 nodejs.ClusterClientNoResponseError: client no response in 10001ms, maybe the connection is close on other side.
    at Timeout.Leader._heartbeatTimer.setInterval [as _onTimeout] (/home/egguse/one-egg/node_modules/.npminstall/cluster-client/1.3.0/cluster-client/lib/leader.js:59:23)
    at ontimeout (timers.js:380:14)
    at tryOnTimeout (timers.js:244:5)
    at Timer.listOnTimeout (timers.js:214:5)
name: 'ClusterClientNoResponseError'
pid: 28847
hostname: front-app01

2017-08-18 14:41:35,026 ERROR 28847 nodejs.ClusterClientNoResponseError: client no response in 10002ms, maybe the connection is close on other side.
    at Timeout.Leader._heartbeatTimer.setInterval [as _onTimeout] (/home/egguse/one-egg/node_modules/.npminstall/cluster-client/1.3.0/cluster-client/lib/leader.js:59:23)
    at ontimeout (timers.js:380:14)
    at tryOnTimeout (timers.js:244:5)
    at Timer.listOnTimeout (timers.js:214:5)
name: 'ClusterClientNoResponseError'
pid: 28847
hostname: front-app01

2017-08-18 14:41:35,026 ERROR 28866 nodejs.ECONNRESETError: read ECONNRESET (address: 127.0.0.1:38846)
    at exports._errnoException (util.js:1018:11)
    at TCP.onread (net.js:572:26)
code: 'ECONNRESET'
errno: 'ECONNRESET'
syscall: 'read'
name: 'ECONNRESETError'
pid: 28866
hostname: front-app01

2017-08-18 14:43:55,043 ERROR 28847 nodejs.ClusterClientNoResponseError: client no response in 10001ms, maybe the connection is close on other side.
    at Timeout.Leader._heartbeatTimer.setInterval [as _onTimeout] (/home/egguse/one-egg/node_modules/.npminstall/cluster-client/1.3.0/cluster-client/lib/leader.js:59:23)
    at ontimeout (timers.js:380:14)
    at tryOnTimeout (timers.js:244:5)
    at Timer.listOnTimeout (timers.js:214:5)
name: 'ClusterClientNoResponseError'
pid: 28847
hostname: front-app01

2017-08-18 14:43:55,043 ERROR 28866 nodejs.ECONNRESETError: read ECONNRESET (address: 127.0.0.1:38846)
    at exports._errnoException (util.js:1018:11)
    at TCP.onread (net.js:572:26)
code: 'ECONNRESET'
errno: 'ECONNRESET'
syscall: 'read'
name: 'ECONNRESETError'
pid: 28866
hostname: front-app01

2017-08-18 14:45:35,057 ERROR 28847 nodejs.ClusterClientNoResponseError: client no response in 10001ms, maybe the connection is close on other side.
    at Timeout.Leader._heartbeatTimer.setInterval [as _onTimeout] (/home/egguse/one-egg/node_modules/.npminstall/cluster-client/1.3.0/cluster-client/lib/leader.js:59:23)
    at ontimeout (timers.js:380:14)
    at tryOnTimeout (timers.js:244:5)
    at Timer.listOnTimeout (timers.js:214:5)
name: 'ClusterClientNoResponseError'
pid: 28847
hostname: front-app01

2017-08-18 14:45:35,058 ERROR 28866 nodejs.ECONNRESETError: read ECONNRESET (address: 127.0.0.1:38846)
    at exports._errnoException (util.js:1018:11)
    at TCP.onread (net.js:572:26)
code: 'ECONNRESET'
errno: 'ECONNRESET'
syscall: 'read'
name: 'ECONNRESETError'
pid: 28866
hostname: front-app01

2017-08-18 14:47:15,071 ERROR 28847 nodejs.ClusterClientNoResponseError: client no response in 10001ms, maybe the connection is close on other side.
    at Timeout.Leader._heartbeatTimer.setInterval [as _onTimeout] (/home/egguse/one-egg/node_modules/.npminstall/cluster-client/1.3.0/cluster-client/lib/leader.js:59:23)
    at ontimeout (timers.js:380:14)
    at tryOnTimeout (timers.js:244:5)
    at Timer.listOnTimeout (timers.js:214:5)
name: 'ClusterClientNoResponseError'
pid: 28847
hostname: front-app01

2017-08-18 14:47:15,071 ERROR 28866 nodejs.ECONNRESETError: read ECONNRESET (address: 127.0.0.1:38846)
    at exports._errnoException (util.js:1018:11)
    at TCP.onread (net.js:572:26)
code: 'ECONNRESET'
errno: 'ECONNRESET'
syscall: 'read'
name: 'ECONNRESETError'
pid: 28866
hostname: front-app01

2017-08-18 14:47:45,079 ERROR 28847 nodejs.ClusterClientNoResponseError: client no response in 10001ms, maybe the connection is close on other side.
    at Timeout.Leader._heartbeatTimer.setInterval [as _onTimeout] (/home/egguse/one-egg/node_modules/.npminstall/cluster-client/1.3.0/cluster-client/lib/leader.js:59:23)
    at ontimeout (timers.js:380:14)
    at tryOnTimeout (timers.js:244:5)
    at Timer.listOnTimeout (timers.js:214:5)
name: 'ClusterClientNoResponseError'
pid: 28847
hostname: front-app01

2017-08-18 14:48:15,084 ERROR 28866 nodejs.ECONNRESETError: read ECONNRESET (address: 127.0.0.1:38846)
    at exports._errnoException (util.js:1018:11)
    at TCP.onread (net.js:572:26)
code: 'ECONNRESET'
errno: 'ECONNRESET'
syscall: 'read'
name: 'ECONNRESETError'
pid: 28866
hostname: front-app01

2017-08-18 14:48:15,085 ERROR 28847 nodejs.ClusterClientNoResponseError: client no response in 10001ms, maybe the connection is close on other side.
    at Timeout.Leader._heartbeatTimer.setInterval [as _onTimeout] (/home/egguse/one-egg/node_modules/.npminstall/cluster-client/1.3.0/cluster-client/lib/leader.js:59:23)
    at ontimeout (timers.js:380:14)
    at tryOnTimeout (timers.js:244:5)
    at Timer.listOnTimeout (timers.js:214:5)
name: 'ClusterClientNoResponseError'
pid: 28847
hostname: front-app01

2017-08-18 14:49:25,095 ERROR 28847 nodejs.ClusterClientNoResponseError: client no response in 10001ms, maybe the connection is close on other side.
    at Timeout.Leader._heartbeatTimer.setInterval [as _onTimeout] (/home/egguse/one-egg/node_modules/.npminstall/cluster-client/1.3.0/cluster-client/lib/leader.js:59:23)
    at ontimeout (timers.js:380:14)
    at tryOnTimeout (timers.js:244:5)
    at Timer.listOnTimeout (timers.js:214:5)
name: 'ClusterClientNoResponseError'
pid: 28847
hostname: front-app01

2017-08-18 14:49:25,095 ERROR 28866 nodejs.ECONNRESETError: read ECONNRESET (address: 127.0.0.1:38846)
    at exports._errnoException (util.js:1018:11)
    at TCP.onread (net.js:572:26)
code: 'ECONNRESET'
errno: 'ECONNRESET'
syscall: 'read'
name: 'ECONNRESETError'
pid: 28866
hostname: front-app01

2017-08-18 14:49:55,101 ERROR 28847 nodejs.ClusterClientNoResponseError: client no response in 10001ms, maybe the connection is close on other side.
    at Timeout.Leader._heartbeatTimer.setInterval [as _onTimeout] (/home/egguse/one-egg/node_modules/.npminstall/cluster-client/1.3.0/cluster-client/lib/leader.js:59:23)
    at ontimeout (timers.js:380:14)
    at tryOnTimeout (timers.js:244:5)
    at Timer.listOnTimeout (timers.js:214:5)
name: 'ClusterClientNoResponseError'
pid: 28847
hostname: front-app01

2017-08-18 14:49:55,102 ERROR 28866 nodejs.ECONNRESETError: read ECONNRESET (address: 127.0.0.1:38846)
    at exports._errnoException (util.js:1018:11)
    at TCP.onread (net.js:572:26)
code: 'ECONNRESET'
errno: 'ECONNRESET'
syscall: 'read'
name: 'ECONNRESETError'
pid: 28866
hostname: front-app01

2017-08-18 14:50:45,110 ERROR 28866 nodejs.ECONNRESETError: read ECONNRESET (address: 127.0.0.1:38846)
    at exports._errnoException (util.js:1018:11)
    at TCP.onread (net.js:572:26)
code: 'ECONNRESET'
errno: 'ECONNRESET'
syscall: 'read'
name: 'ECONNRESETError'
pid: 28866
hostname: front-app01

2017-08-18 14:50:45,110 ERROR 28847 nodejs.ClusterClientNoResponseError: client no response in 10001ms, maybe the connection is close on other side.
    at Timeout.Leader._heartbeatTimer.setInterval [as _onTimeout] (/home/egguse/one-egg/node_modules/.npminstall/cluster-client/1.3.0/cluster-client/lib/leader.js:59:23)
    at ontimeout (timers.js:380:14)
    at tryOnTimeout (timers.js:244:5)
    at Timer.listOnTimeout (timers.js:214:5)
name: 'ClusterClientNoResponseError'
pid: 28847
hostname: front-app01

2017-08-18 14:51:35,120 ERROR 28847 nodejs.ClusterClientNoResponseError: client no response in 10001ms, maybe the connection is close on other side.
    at Timeout.Leader._heartbeatTimer.setInterval [as _onTimeout] (/home/egguse/one-egg/node_modules/.npminstall/cluster-client/1.3.0/cluster-client/lib/leader.js:59:23)
    at ontimeout (timers.js:380:14)
    at tryOnTimeout (timers.js:244:5)
    at Timer.listOnTimeout (timers.js:214:5)
name: 'ClusterClientNoResponseError'
pid: 28847
hostname: front-app01

2017-08-18 14:51:35,121 ERROR 28866 nodejs.ECONNRESETError: read ECONNRESET (address: 127.0.0.1:38846)
    at exports._errnoException (util.js:1018:11)
    at TCP.onread (net.js:572:26)
code: 'ECONNRESET'
errno: 'ECONNRESET'
syscall: 'read'
name: 'ECONNRESETError'
pid: 28866
hostname: front-app01

2017-08-18 14:52:35,131 ERROR 28847 nodejs.ClusterClientNoResponseError: client no response in 10002ms, maybe the connection is close on other side.
    at Timeout.Leader._heartbeatTimer.setInterval [as _onTimeout] (/home/egguse/one-egg/node_modules/.npminstall/cluster-client/1.3.0/cluster-client/lib/leader.js:59:23)
    at ontimeout (timers.js:380:14)
    at tryOnTimeout (timers.js:244:5)
    at Timer.listOnTimeout (timers.js:214:5)
name: 'ClusterClientNoResponseError'
pid: 28847
hostname: front-app01

2017-08-18 14:53:35,139 ERROR 28847 nodejs.ClusterClientNoResponseError: client no response in 10001ms, maybe the connection is close on other side.
    at Timeout.Leader._heartbeatTimer.setInterval [as _onTimeout] (/home/egguse/one-egg/node_modules/.npminstall/cluster-client/1.3.0/cluster-client/lib/leader.js:59:23)
    at ontimeout (timers.js:380:14)
    at tryOnTimeout (timers.js:244:5)
    at Timer.listOnTimeout (timers.js:214:5)
name: 'ClusterClientNoResponseError'
pid: 28847
hostname: front-app01

2017-08-18 14:53:35,146 ERROR 28866 nodejs.ECONNRESETError: read ECONNRESET (address: 127.0.0.1:38846)
    at exports._errnoException (util.js:1018:11)
    at TCP.onread (net.js:572:26)
code: 'ECONNRESET'
errno: 'ECONNRESET'
syscall: 'read'
name: 'ECONNRESETError'
pid: 28866
hostname: front-app01

2017-08-18 14:56:55,171 ERROR 28866 nodejs.ECONNRESETError: read ECONNRESET (address: 127.0.0.1:38846)
    at exports._errnoException (util.js:1018:11)
    at TCP.onread (net.js:572:26)
code: 'ECONNRESET'
errno: 'ECONNRESET'
syscall: 'read'
name: 'ECONNRESETError'
pid: 28866
hostname: front-app01

2017-08-18 14:56:55,171 ERROR 28847 nodejs.ClusterClientNoResponseError: client no response in 10001ms, maybe the connection is close on other side.
    at Timeout.Leader._heartbeatTimer.setInterval [as _onTimeout] (/home/egguse/one-egg/node_modules/.npminstall/cluster-client/1.3.0/cluster-client/lib/leader.js:59:23)
    at ontimeout (timers.js:380:14)
    at tryOnTimeout (timers.js:244:5)
    at Timer.listOnTimeout (timers.js:214:5)
name: 'ClusterClientNoResponseError'
pid: 28847
hostname: front-app01

2017-08-18 15:00:55,192 ERROR 28847 nodejs.ClusterClientNoResponseError: client no response in 10001ms, maybe the connection is close on other side.
    at Timeout.Leader._heartbeatTimer.setInterval [as _onTimeout] (/home/egguse/one-egg/node_modules/.npminstall/cluster-client/1.3.0/cluster-client/lib/leader.js:59:23)
    at ontimeout (timers.js:380:14)
    at tryOnTimeout (timers.js:244:5)
    at Timer.listOnTimeout (timers.js:214:5)
name: 'ClusterClientNoResponseError'
pid: 28847
hostname: front-app01

2017-08-18 15:00:55,192 ERROR 28866 nodejs.ECONNRESETError: read ECONNRESET (address: 127.0.0.1:38846)
    at exports._errnoException (util.js:1018:11)
    at TCP.onread (net.js:572:26)
code: 'ECONNRESET'
errno: 'ECONNRESET'
syscall: 'read'
name: 'ECONNRESETError'
pid: 28866
hostname: front-app01

2017-08-18 15:02:35,206 ERROR 28847 nodejs.ClusterClientNoResponseError: client no response in 10001ms, maybe the connection is close on other side.
    at Timeout.Leader._heartbeatTimer.setInterval [as _onTimeout] (/home/egguse/one-egg/node_modules/.npminstall/cluster-client/1.3.0/cluster-client/lib/leader.js:59:23)
    at ontimeout (timers.js:380:14)
    at tryOnTimeout (timers.js:244:5)
    at Timer.listOnTimeout (timers.js:214:5)
name: 'ClusterClientNoResponseError'
pid: 28847
hostname: front-app01

2017-08-18 15:02:35,206 ERROR 28866 nodejs.ECONNRESETError: read ECONNRESET (address: 127.0.0.1:38846)
    at exports._errnoException (util.js:1018:11)
    at TCP.onread (net.js:572:26)
code: 'ECONNRESET'
errno: 'ECONNRESET'
syscall: 'read'
name: 'ECONNRESETError'
pid: 28866
hostname: front-app01

2017-08-18 15:05:05,220 ERROR 28847 nodejs.ClusterClientNoResponseError: client no response in 10002ms, maybe the connection is close on other side.
    at Timeout.Leader._heartbeatTimer.setInterval [as _onTimeout] (/home/egguse/one-egg/node_modules/.npminstall/cluster-client/1.3.0/cluster-client/lib/leader.js:59:23)
    at ontimeout (timers.js:380:14)
    at tryOnTimeout (timers.js:244:5)
    at Timer.listOnTimeout (timers.js:214:5)
name: 'ClusterClientNoResponseError'
pid: 28847
hostname: front-app01

2017-08-18 15:05:05,221 ERROR 28866 nodejs.ECONNRESETError: read ECONNRESET (address: 127.0.0.1:38846)
    at exports._errnoException (util.js:1018:11)
    at TCP.onread (net.js:572:26)
code: 'ECONNRESET'
errno: 'ECONNRESET'
syscall: 'read'
name: 'ECONNRESETError'
pid: 28866
hostname: front-app01

2017-08-18 15:06:35,232 ERROR 28866 nodejs.ECONNRESETError: read ECONNRESET (address: 127.0.0.1:38846)
    at exports._errnoException (util.js:1018:11)
    at TCP.onread (net.js:572:26)
code: 'ECONNRESET'
errno: 'ECONNRESET'
syscall: 'read'
name: 'ECONNRESETError'
pid: 28866
hostname: front-app01

2017-08-18 15:06:35,237 ERROR 28847 nodejs.ClusterClientNoResponseError: client no response in 10001ms, maybe the connection is close on other side.
    at Timeout.Leader._heartbeatTimer.setInterval [as _onTimeout] (/home/egguse/one-egg/node_modules/.npminstall/cluster-client/1.3.0/cluster-client/lib/leader.js:59:23)
    at ontimeout (timers.js:380:14)
    at tryOnTimeout (timers.js:244:5)
    at Timer.listOnTimeout (timers.js:214:5)
name: 'ClusterClientNoResponseError'
pid: 28847
hostname: front-app01

2017-08-18 15:07:45,241 ERROR 28847 nodejs.ClusterClientNoResponseError: client no response in 10001ms, maybe the connection is close on other side.
    at Timeout.Leader._heartbeatTimer.setInterval [as _onTimeout] (/home/egguse/one-egg/node_modules/.npminstall/cluster-client/1.3.0/cluster-client/lib/leader.js:59:23)
    at ontimeout (timers.js:380:14)
    at tryOnTimeout (timers.js:244:5)
    at Timer.listOnTimeout (timers.js:214:5)
name: 'ClusterClientNoResponseError'
pid: 28847
hostname: front-app01

2017-08-18 15:07:45,245 ERROR 28866 nodejs.ECONNRESETError: read ECONNRESET (address: 127.0.0.1:38846)
    at exports._errnoException (util.js:1018:11)
    at TCP.onread (net.js:572:26)
code: 'ECONNRESET'
errno: 'ECONNRESET'
syscall: 'read'
name: 'ECONNRESETError'
pid: 28866
hostname: front-app01

2017-09-15 10:16:26,492 ERROR 797 nodejs.ClusterClientNoResponseError: client no response in 1910584ms exceeding maxIdleTime 60000ms, maybe the connection is close on other side.
    at Timeout.Leader._heartbeatTimer.setInterval [as _onTimeout] (/Users/hanggai/Desktop/one-egg/node_modules/.1.7.0@cluster-client/lib/leader.js:73:23)
    at ontimeout (timers.js:469:11)
    at tryOnTimeout (timers.js:304:5)
    at Timer.listOnTimeout (timers.js:264:5)
name: 'ClusterClientNoResponseError'
pid: 797
hostname: hanggai.cytsonline.com

